<?xml version="1.0" encoding="UTF-8"?>
<!-- Generated by org.testng.reporters.JUnitXMLReporter -->
<testsuite ignored="0" hostname="DESKTOP-GLA0AO1" failures="0" tests="3" name="Default test" time="0.223" errors="0" timestamp="2024-05-18T10:27:13 IST">
  <testcase classname="com.comcast.crm.contacttest.CreateContactTestUsingDataProvider" name="createContact" time="0.024"/>
  <testcase classname="com.comcast.crm.contacttest.CreateContactTestUsingDataProvider" name="createContact" time="0.005"/>
  <testcase classname="com.comcast.crm.contacttest.CreateContactTestUsingDataProvider" name="createContact" time="0.005"/>
</testsuite> <!-- Default test -->
