<?xml version="1.0" encoding="UTF-8"?>
<!-- Generated by org.testng.reporters.JUnitXMLReporter -->
<testsuite ignored="2" hostname="DESKTOP-GLA0AO1" failures="0" tests="4" name="Test" time="0.17" errors="0" timestamp="2024-05-03T10:23:56 IST">
  <testcase classname="com.crm.comcast.contacttest.CreateContactTest" name="createContactTest" time="0.02"/>
  <testcase classname="com.crm.comcast.contacttest.CreateContactTest" name="createContactWithDateTest" time="0.003"/>
  <testcase classname="com.crm.comcast.orgtest.CreateOrgTest" name="createOrgTest" time="0.004"/>
  <testcase classname="com.crm.comcast.orgtest.CreateOrgTest" name="createOrgWithIndustryTest" time="0.003"/>
  <testcase classname="com.crm.generic.baseutility.BaseClass" name="@AfterSuite afterSuiteTest" time="0.0">
    <ignored/>
  </testcase> <!-- @AfterSuite afterSuiteTest -->
  <testcase classname="com.crm.generic.baseutility.BaseClass" name="@BeforeSuite beforeSuiteTest" time="0.0">
    <ignored/>
  </testcase> <!-- @BeforeSuite beforeSuiteTest -->
</testsuite> <!-- Test -->
