<?xml version="1.0" encoding="UTF-8"?>
<testng-results ignored="0" total="3" passed="3" failed="0" skipped="0">
  <reporter-output>
  </reporter-output>
  <suite started-at="2024-05-18T10:27:13 IST" name="Default suite" finished-at="2024-05-18T10:27:13 IST" duration-ms="223">
    <groups>
    </groups>
    <test started-at="2024-05-18T10:27:13 IST" name="Default test" finished-at="2024-05-18T10:27:13 IST" duration-ms="223">
      <class name="com.comcast.crm.contacttest.CreateContactTestUsingDataProvider">
        <test-method signature="createContact(java.lang.String,java.lang.String)[pri:0, instance:com.comcast.crm.contacttest.CreateContactTestUsingDataProvider@145f66e3]" started-at="2024-05-18T10:27:13 IST" name="createContact" data-provider="getData" finished-at="2024-05-18T10:27:13 IST" duration-ms="24" status="PASS">
          <params>
            <param index="0">
              <value>
                <![CDATA[Deepak]]>
              </value>
            </param>
            <param index="1">
              <value>
                <![CDATA[HR]]>
              </value>
            </param>
          </params>
          <reporter-output>
          </reporter-output>
        </test-method> <!-- createContact -->
        <test-method signature="createContact(java.lang.String,java.lang.String)[pri:0, instance:com.comcast.crm.contacttest.CreateContactTestUsingDataProvider@145f66e3]" started-at="2024-05-18T10:27:13 IST" name="createContact" data-provider="getData" finished-at="2024-05-18T10:27:13 IST" duration-ms="5" status="PASS">
          <params>
            <param index="0">
              <value>
                <![CDATA[Sam]]>
              </value>
            </param>
            <param index="1">
              <value>
                <![CDATA[HD]]>
              </value>
            </param>
          </params>
          <reporter-output>
          </reporter-output>
        </test-method> <!-- createContact -->
        <test-method signature="createContact(java.lang.String,java.lang.String)[pri:0, instance:com.comcast.crm.contacttest.CreateContactTestUsingDataProvider@145f66e3]" started-at="2024-05-18T10:27:13 IST" name="createContact" data-provider="getData" finished-at="2024-05-18T10:27:13 IST" duration-ms="5" status="PASS">
          <params>
            <param index="0">
              <value>
                <![CDATA[John]]>
              </value>
            </param>
            <param index="1">
              <value>
                <![CDATA[Steve]]>
              </value>
            </param>
          </params>
          <reporter-output>
          </reporter-output>
        </test-method> <!-- createContact -->
      </class> <!-- com.comcast.crm.contacttest.CreateContactTestUsingDataProvider -->
    </test> <!-- Default test -->
  </suite> <!-- Default suite -->
</testng-results>
