<?xml version="1.0" encoding="UTF-8"?>
<testng-results ignored="0" total="1" passed="1" failed="0" skipped="0">
  <reporter-output>
  </reporter-output>
  <suite started-at="2024-07-09T12:56:36 IST" name="Default suite" finished-at="2024-07-09T12:56:59 IST" duration-ms="22106">
    <groups>
    </groups>
    <test started-at="2024-07-09T12:56:36 IST" name="Default test" finished-at="2024-07-09T12:56:59 IST" duration-ms="22106">
      <class name="html_headless_testing.HeadlessMode_Using_ChromeOptions">
        <test-method signature="headlessScriptTest()[pri:0, instance:html_headless_testing.HeadlessMode_Using_ChromeOptions@a1153bc]" started-at="2024-07-09T12:56:37 IST" name="headlessScriptTest" finished-at="2024-07-09T12:56:59 IST" duration-ms="21921" status="PASS">
          <reporter-output>
          </reporter-output>
        </test-method> <!-- headlessScriptTest -->
      </class> <!-- html_headless_testing.HeadlessMode_Using_ChromeOptions -->
    </test> <!-- Default test -->
  </suite> <!-- Default suite -->
</testng-results>
